<?xml version="1.0" encoding="UTF-8"?>
<testsuites>
  <testsuite name="Project Test Suite" tests="20" assertions="29" failures="0" errors="0" time="0.109263">
    <testsuite name="LightSaml\Logout\Tests\Action\Profile\Outbound\LogoutRequest\CreateLogoutRequestActionTest" file="D:\www\home\lightsaml\lightSAML-logout\tests\LightSaml\Logout\Tests\Action\Profile\Outbound\LogoutRequest\CreateLogoutRequestActionTest.php" tests="2" assertions="1" failures="0" errors="0" time="0.027298">
      <testcase name="test_constructs_with_logger" class="LightSaml\Logout\Tests\Action\Profile\Outbound\LogoutRequest\CreateLogoutRequestActionTest" file="D:\www\home\lightsaml\lightSAML-logout\tests\LightSaml\Logout\Tests\Action\Profile\Outbound\LogoutRequest\CreateLogoutRequestActionTest.php" line="13" assertions="0" time="0.018557"/>
      <testcase name="test_creates_logout_request_as_outbound_message" class="LightSaml\Logout\Tests\Action\Profile\Outbound\LogoutRequest\CreateLogoutRequestActionTest" file="D:\www\home\lightsaml\lightSAML-logout\tests\LightSaml\Logout\Tests\Action\Profile\Outbound\LogoutRequest\CreateLogoutRequestActionTest.php" line="18" assertions="1" time="0.008741"/>
    </testsuite>
    <testsuite name="LightSaml\Logout\Tests\Action\Profile\Outbound\LogoutRequest\LogoutResolveActionTest" file="D:\www\home\lightsaml\lightSAML-logout\tests\LightSaml\Logout\Tests\Action\Profile\Outbound\LogoutRequest\LogoutResolveActionTest.php" tests="3" assertions="6" failures="0" errors="0" time="0.028111">
      <testcase name="test_constructs_with_logger_logout_resolver_and_proceed_action" class="LightSaml\Logout\Tests\Action\Profile\Outbound\LogoutRequest\LogoutResolveActionTest" file="D:\www\home\lightsaml\lightSAML-logout\tests\LightSaml\Logout\Tests\Action\Profile\Outbound\LogoutRequest\LogoutResolveActionTest.php" line="16" assertions="0" time="0.006691"/>
      <testcase name="test_sets_all_sessions_terminated_flag_when_no_sessions" class="LightSaml\Logout\Tests\Action\Profile\Outbound\LogoutRequest\LogoutResolveActionTest" file="D:\www\home\lightsaml\lightSAML-logout\tests\LightSaml\Logout\Tests\Action\Profile\Outbound\LogoutRequest\LogoutResolveActionTest.php" line="25" assertions="2" time="0.011157"/>
      <testcase name="test_sets_resolved_session_to_logout_context_and_calls_proceed_action" class="LightSaml\Logout\Tests\Action\Profile\Outbound\LogoutRequest\LogoutResolveActionTest" file="D:\www\home\lightsaml\lightSAML-logout\tests\LightSaml\Logout\Tests\Action\Profile\Outbound\LogoutRequest\LogoutResolveActionTest.php" line="39" assertions="4" time="0.010263"/>
    </testsuite>
    <testsuite name="LightSaml\Logout\Tests\Action\Profile\Outbound\LogoutRequest\SetNameIdActionTest" file="D:\www\home\lightsaml\lightSAML-logout\tests\LightSaml\Logout\Tests\Action\Profile\Outbound\LogoutRequest\SetNameIdActionTest.php" tests="2" assertions="3" failures="0" errors="0" time="0.007492">
      <testcase name="test_constructs_with_logger" class="LightSaml\Logout\Tests\Action\Profile\Outbound\LogoutRequest\SetNameIdActionTest" file="D:\www\home\lightsaml\lightSAML-logout\tests\LightSaml\Logout\Tests\Action\Profile\Outbound\LogoutRequest\SetNameIdActionTest.php" line="14" assertions="0" time="0.002887"/>
      <testcase name="test_sets_name_id_to_outbound_logout_request" class="LightSaml\Logout\Tests\Action\Profile\Outbound\LogoutRequest\SetNameIdActionTest" file="D:\www\home\lightsaml\lightSAML-logout\tests\LightSaml\Logout\Tests\Action\Profile\Outbound\LogoutRequest\SetNameIdActionTest.php" line="19" assertions="3" time="0.004605"/>
    </testsuite>
    <testsuite name="LightSaml\Logout\Tests\Action\Profile\Outbound\LogoutRequest\SetNotOnOrAfterActionTest" file="D:\www\home\lightsaml\lightSAML-logout\tests\LightSaml\Logout\Tests\Action\Profile\Outbound\LogoutRequest\SetNotOnOrAfterActionTest.php" tests="2" assertions="2" failures="0" errors="0" time="0.008904">
      <testcase name="test_constructs_with_logger_time_provider_and_integer" class="LightSaml\Logout\Tests\Action\Profile\Outbound\LogoutRequest\SetNotOnOrAfterActionTest" file="D:\www\home\lightsaml\lightSAML-logout\tests\LightSaml\Logout\Tests\Action\Profile\Outbound\LogoutRequest\SetNotOnOrAfterActionTest.php" line="14" assertions="0" time="0.004792"/>
      <testcase name="test_sets_not_on_or_after_to_outbound_logout_request" class="LightSaml\Logout\Tests\Action\Profile\Outbound\LogoutRequest\SetNotOnOrAfterActionTest" file="D:\www\home\lightsaml\lightSAML-logout\tests\LightSaml\Logout\Tests\Action\Profile\Outbound\LogoutRequest\SetNotOnOrAfterActionTest.php" line="23" assertions="2" time="0.004112"/>
    </testsuite>
    <testsuite name="LightSaml\Logout\Tests\Resolver\Logout\LogoutSessionResolverTest" file="D:\www\home\lightsaml\lightSAML-logout\tests\LightSaml\Logout\Tests\Resolver\Logout\LogoutSessionResolverTest.php" tests="10" assertions="16" failures="0" errors="0" time="0.035940">
      <testcase name="test_constructs_with_state_store" class="LightSaml\Logout\Tests\Resolver\Logout\LogoutSessionResolverTest" file="D:\www\home\lightsaml\lightSAML-logout\tests\LightSaml\Logout\Tests\Resolver\Logout\LogoutSessionResolverTest.php" line="12" assertions="0" time="0.005159"/>
      <testcase name="test_returns_null_on_empty_sessions" class="LightSaml\Logout\Tests\Resolver\Logout\LogoutSessionResolverTest" file="D:\www\home\lightsaml\lightSAML-logout\tests\LightSaml\Logout\Tests\Resolver\Logout\LogoutSessionResolverTest.php" line="17" assertions="1" time="0.002902"/>
      <testsuite name="LightSaml\Logout\Tests\Resolver\Logout\LogoutSessionResolverTest::test_resolution" tests="8" assertions="15" failures="0" errors="0" time="0.027879">
        <testcase name="test_resolution with data set #0" assertions="1" time="0.002786"/>
        <testcase name="test_resolution with data set #1" assertions="2" time="0.003166"/>
        <testcase name="test_resolution with data set #2" assertions="2" time="0.003172"/>
        <testcase name="test_resolution with data set #3" assertions="2" time="0.003858"/>
        <testcase name="test_resolution with data set #4" assertions="2" time="0.003275"/>
        <testcase name="test_resolution with data set #5" assertions="2" time="0.004068"/>
        <testcase name="test_resolution with data set #6" assertions="2" time="0.003018"/>
        <testcase name="test_resolution with data set #7" assertions="2" time="0.004536"/>
      </testsuite>
    </testsuite>
    <testsuite name="LightSaml\Logout\Tests\RootDummyTest" file="D:\www\home\lightsaml\lightSAML-logout\tests\LightSaml\Logout\Tests\RootDummyTest.php" tests="1" assertions="1" failures="0" errors="0" time="0.001518">
      <testcase name="test_dummy" class="LightSaml\Logout\Tests\RootDummyTest" file="D:\www\home\lightsaml\lightSAML-logout\tests\LightSaml\Logout\Tests\RootDummyTest.php" line="7" assertions="1" time="0.001518"/>
    </testsuite>
  </testsuite>
</testsuites>
